This is pdfTeX, Version 3.14159265-2.6-1.40.18 (TeX Live 2017) (preloaded format=pdflatex 2018.1.4)  30 MAY 2021 13:52
entering extended mode
 restricted \write18 enabled.
 file:line:error style messages enabled.
 %&-line parsing enabled.
**myPaper2.tex
(./myPaper2.tex
LaTeX2e <2017-04-15>
Babel <3.10> and hyphenation patterns for 84 language(s) loaded.
(/usr/local/texlive/2017/texmf-dist/tex/latex/base/article.cls
Document Class: article 2014/09/29 v1.4h Standard LaTeX document class
(/usr/local/texlive/2017/texmf-dist/tex/latex/base/size10.clo
File: size10.clo 2014/09/29 v1.4h Standard LaTeX file (size option)
)
\c@part=\count79
\c@section=\count80
\c@subsection=\count81
\c@subsubsection=\count82
\c@paragraph=\count83
\c@subparagraph=\count84
\c@figure=\count85
\c@table=\count86
\abovecaptionskip=\skip41
\belowcaptionskip=\skip42
\bibindent=\dimen102
)
(/usr/local/texlive/2017/texmf-dist/tex/latex/amsmath/amsmath.sty
Package: amsmath 2016/11/05 v2.16a AMS math features
\@mathmargin=\skip43

For additional information on amsmath, use the `?' option.
(/usr/local/texlive/2017/texmf-dist/tex/latex/amsmath/amstext.sty
Package: amstext 2000/06/29 v2.01 AMS text

(/usr/local/texlive/2017/texmf-dist/tex/latex/amsmath/amsgen.sty
File: amsgen.sty 1999/11/30 v2.0 generic functions
\@emptytoks=\toks14
\ex@=\dimen103
))
(/usr/local/texlive/2017/texmf-dist/tex/latex/amsmath/amsbsy.sty
Package: amsbsy 1999/11/29 v1.2d Bold Symbols
\pmbraise@=\dimen104
)
(/usr/local/texlive/2017/texmf-dist/tex/latex/amsmath/amsopn.sty
Package: amsopn 2016/03/08 v2.02 operator names
)
\inf@bad=\count87
LaTeX Info: Redefining \frac on input line 213.
\uproot@=\count88
\leftroot@=\count89
LaTeX Info: Redefining \overline on input line 375.
\classnum@=\count90
\DOTSCASE@=\count91
LaTeX Info: Redefining \ldots on input line 472.
LaTeX Info: Redefining \dots on input line 475.
LaTeX Info: Redefining \cdots on input line 596.
\Mathstrutbox@=\box26
\strutbox@=\box27
\big@size=\dimen105
LaTeX Font Info:    Redeclaring font encoding OML on input line 712.
LaTeX Font Info:    Redeclaring font encoding OMS on input line 713.
\macc@depth=\count92
\c@MaxMatrixCols=\count93
\dotsspace@=\muskip10
\c@parentequation=\count94
\dspbrk@lvl=\count95
\tag@help=\toks15
\row@=\count96
\column@=\count97
\maxfields@=\count98
\andhelp@=\toks16
\eqnshift@=\dimen106
\alignsep@=\dimen107
\tagshift@=\dimen108
\tagwidth@=\dimen109
\totwidth@=\dimen110
\lineht@=\dimen111
\@envbody=\toks17
\multlinegap=\skip44
\multlinetaggap=\skip45
\mathdisplay@stack=\toks18
LaTeX Info: Redefining \[ on input line 2817.
LaTeX Info: Redefining \] on input line 2818.
)
(/usr/local/texlive/2017/texmf-dist/tex/latex/amsfonts/amssymb.sty
Package: amssymb 2013/01/14 v3.01 AMS font symbols

(/usr/local/texlive/2017/texmf-dist/tex/latex/amsfonts/amsfonts.sty
Package: amsfonts 2013/01/14 v3.01 Basic AMSFonts support
\symAMSa=\mathgroup4
\symAMSb=\mathgroup5
LaTeX Font Info:    Overwriting math alphabet `\mathfrak' in version `bold'
(Font)                  U/euf/m/n --> U/euf/b/n on input line 106.
))
(/usr/local/texlive/2017/texmf-dist/tex/latex/tools/enumerate.sty
Package: enumerate 2015/07/23 v3.00 enumerate extensions (DPC)
\@enLab=\toks19
)
(/usr/local/texlive/2017/texmf-dist/tex/latex/graphics/graphicx.sty
Package: graphicx 2014/10/28 v1.0g Enhanced LaTeX Graphics (DPC,SPQR)

(/usr/local/texlive/2017/texmf-dist/tex/latex/graphics/keyval.sty
Package: keyval 2014/10/28 v1.15 key=value parser (DPC)
\KV@toks@=\toks20
)
(/usr/local/texlive/2017/texmf-dist/tex/latex/graphics/graphics.sty
Package: graphics 2017/04/14 v1.1b Standard LaTeX Graphics (DPC,SPQR)

(/usr/local/texlive/2017/texmf-dist/tex/latex/graphics/trig.sty
Package: trig 2016/01/03 v1.10 sin cos tan (DPC)
)
(/usr/local/texlive/2017/texmf-dist/tex/latex/graphics-cfg/graphics.cfg
File: graphics.cfg 2016/06/04 v1.11 sample graphics configuration
)
Package graphics Info: Driver file: pdftex.def on input line 99.

(/usr/local/texlive/2017/texmf-dist/tex/latex/graphics-def/pdftex.def
File: pdftex.def 2017/01/12 v0.06k Graphics/color for pdfTeX

(/usr/local/texlive/2017/texmf-dist/tex/generic/oberdiek/infwarerr.sty
Package: infwarerr 2016/05/16 v1.4 Providing info/warning/error messages (HO)
)
(/usr/local/texlive/2017/texmf-dist/tex/generic/oberdiek/ltxcmds.sty
Package: ltxcmds 2016/05/16 v1.23 LaTeX kernel commands for general use (HO)
)
\Gread@gobject=\count99
))
\Gin@req@height=\dimen112
\Gin@req@width=\dimen113
)
(./myPaper2.aux)
\openout1 = `myPaper2.aux'.

LaTeX Font Info:    Checking defaults for OML/cmm/m/it on input line 8.
LaTeX Font Info:    ... okay on input line 8.
LaTeX Font Info:    Checking defaults for T1/cmr/m/n on input line 8.
LaTeX Font Info:    ... okay on input line 8.
LaTeX Font Info:    Checking defaults for OT1/cmr/m/n on input line 8.
LaTeX Font Info:    ... okay on input line 8.
LaTeX Font Info:    Checking defaults for OMS/cmsy/m/n on input line 8.
LaTeX Font Info:    ... okay on input line 8.
LaTeX Font Info:    Checking defaults for OMX/cmex/m/n on input line 8.
LaTeX Font Info:    ... okay on input line 8.
LaTeX Font Info:    Checking defaults for U/cmr/m/n on input line 8.
LaTeX Font Info:    ... okay on input line 8.

(/usr/local/texlive/2017/texmf-dist/tex/context/base/mkii/supp-pdf.mkii
[Loading MPS to PDF converter (version 2006.09.02).]
\scratchcounter=\count100
\scratchdimen=\dimen114
\scratchbox=\box28
\nofMPsegments=\count101
\nofMParguments=\count102
\everyMPshowfont=\toks21
\MPscratchCnt=\count103
\MPscratchDim=\dimen115
\MPnumerator=\count104
\makeMPintoPDFobject=\count105
\everyMPtoPDFconversion=\toks22
) (/usr/local/texlive/2017/texmf-dist/tex/generic/oberdiek/pdftexcmds.sty
Package: pdftexcmds 2017/03/19 v0.25 Utility functions of pdfTeX for LuaTeX (HO
)

(/usr/local/texlive/2017/texmf-dist/tex/generic/oberdiek/ifluatex.sty
Package: ifluatex 2016/05/16 v1.4 Provides the ifluatex switch (HO)
Package ifluatex Info: LuaTeX not detected.
)
(/usr/local/texlive/2017/texmf-dist/tex/generic/oberdiek/ifpdf.sty
Package: ifpdf 2017/03/15 v3.2 Provides the ifpdf switch
)
Package pdftexcmds Info: LuaTeX not detected.
Package pdftexcmds Info: \pdf@primitive is available.
Package pdftexcmds Info: \pdf@ifprimitive is available.
Package pdftexcmds Info: \pdfdraftmode found.
)
(/usr/local/texlive/2017/texmf-dist/tex/latex/oberdiek/epstopdf-base.sty
Package: epstopdf-base 2016/05/15 v2.6 Base part for package epstopdf

(/usr/local/texlive/2017/texmf-dist/tex/latex/oberdiek/grfext.sty
Package: grfext 2016/05/16 v1.2 Manage graphics extensions (HO)

(/usr/local/texlive/2017/texmf-dist/tex/generic/oberdiek/kvdefinekeys.sty
Package: kvdefinekeys 2016/05/16 v1.4 Define keys (HO)
))
(/usr/local/texlive/2017/texmf-dist/tex/latex/oberdiek/kvoptions.sty
Package: kvoptions 2016/05/16 v3.12 Key value format for package options (HO)

(/usr/local/texlive/2017/texmf-dist/tex/generic/oberdiek/kvsetkeys.sty
Package: kvsetkeys 2016/05/16 v1.17 Key value parser (HO)

(/usr/local/texlive/2017/texmf-dist/tex/generic/oberdiek/etexcmds.sty
Package: etexcmds 2016/05/16 v1.6 Avoid name clashes with e-TeX commands (HO)
Package etexcmds Info: Could not find \expanded.
(etexcmds)             That can mean that you are not using pdfTeX 1.50 or
(etexcmds)             that some package has redefined \expanded.
(etexcmds)             In the latter case, load this package earlier.
)))
Package epstopdf-base Info: Redefining graphics rule for `.eps' on input line 4
38.
Package grfext Info: Graphics extension search list:
(grfext)             [.png,.pdf,.jpg,.mps,.jpeg,.jbig2,.jb2,.PNG,.PDF,.JPG,.JPE
G,.JBIG2,.JB2,.eps]
(grfext)             \AppendGraphicsExtensions on input line 456.

(/usr/local/texlive/2017/texmf-dist/tex/latex/latexconfig/epstopdf-sys.cfg
File: epstopdf-sys.cfg 2010/07/13 v1.3 Configuration of (r)epstopdf for TeX Liv
e
))
LaTeX Font Info:    Try loading font information for U+msa on input line 9.

(/usr/local/texlive/2017/texmf-dist/tex/latex/amsfonts/umsa.fd
File: umsa.fd 2013/01/14 v3.01 AMS symbols A
)
LaTeX Font Info:    Try loading font information for U+msb on input line 9.

(/usr/local/texlive/2017/texmf-dist/tex/latex/amsfonts/umsb.fd
File: umsb.fd 2013/01/14 v3.01 AMS symbols B
)
Overfull \hbox (0.66722pt too wide) in paragraph at lines 14--15
\OT1/cmr/m/n/10 In this ar-ti-cle, one ex-plains the sta-tis-ti-cal me-chan-ics
 of the ions in the isothermal-
 []

[1

{/usr/local/texlive/2017/texmf-var/fonts/map/pdftex/updmap/pdftex.map}]
Underfull \hbox (badness 10000) in paragraph at lines 28--31

 []


Underfull \hbox (badness 10000) in paragraph at lines 33--37

 []

[2]
Overfull \hbox (34.46301pt too wide) in paragraph at lines 52--52
[] 
 []

<gibbsSolidState.pdf, id=24, 361.35pt x 209.78375pt>
File: gibbsSolidState.pdf Graphic file (type pdf)
 <use gibbsSolidState.pdf>
Package pdftex.def Info: gibbsSolidState.pdf used on input line 60.
(pdftex.def)             Requested size: 361.34912pt x 209.78322pt.

Overfull \hbox (16.34912pt too wide) in paragraph at lines 60--61
[][] 
 []


Overfull \hbox (1.8209pt too wide) in paragraph at lines 63--63
[]\OT1/cmr/bx/n/12 Partition func-tion for the molten salts and salt vapours 
 []

[3] [4 <./gibbsSolidState.pdf>]
Overfull \hbox (69.40886pt too wide) in paragraph at lines 102--102
[] 
 []

[5]
Overfull \hbox (7.6112pt too wide) in paragraph at lines 126--126
[] 
 []


Overfull \hbox (22.37976pt too wide) in paragraph at lines 129--129
[] 
 []


Overfull \hbox (5.03711pt too wide) in paragraph at lines 132--132
[] 
 []


Overfull \hbox (36.17488pt too wide) in paragraph at lines 135--135
[] 
 []


Overfull \hbox (22.37976pt too wide) in paragraph at lines 152--152
[] 
 []

[6]
Overfull \hbox (5.03711pt too wide) in paragraph at lines 155--155
[] 
 []


Overfull \hbox (36.17488pt too wide) in paragraph at lines 158--158
[] 
 []


Overfull \hbox (67.44255pt too wide) in paragraph at lines 179--179
[] 
 []

[7]
Overfull \hbox (56.72018pt too wide) in paragraph at lines 183--183
[] 
 []


Overfull \hbox (47.9194pt too wide) in paragraph at lines 194--194
[] 
 []

[8]
Overfull \hbox (58.65694pt too wide) in paragraph at lines 224--224
[] 
 []


Overfull \hbox (25.68855pt too wide) in paragraph at lines 230--230
[] 
 []


Overfull \hbox (60.32356pt too wide) in paragraph at lines 233--233
[] 
 []


Overfull \hbox (14.62592pt too wide) in paragraph at lines 239--239
[] 
 []

[9]
Overfull \hbox (74.89723pt too wide) in paragraph at lines 251--251
[] 
 []


Overfull \hbox (14.62592pt too wide) in paragraph at lines 257--257
[] 
 []


Overfull \hbox (14.62592pt too wide) in paragraph at lines 271--271
[] 
 []


Overfull \hbox (14.62592pt too wide) in paragraph at lines 280--280
[] 
 []

[10] <algoUniform.png, id=73, 1133.23375pt x 605.26125pt>
File: algoUniform.png Graphic file (type png)

<use algoUniform.png>
Package pdftex.def Info: algoUniform.png used on input line 285.
(pdftex.def)             Requested size: 430.6333pt x 230.00165pt.

Overfull \hbox (85.6333pt too wide) in paragraph at lines 285--286
[][] 
 []

<kTerm.pdf, id=75, 361.35pt x 194.7275pt>
File: kTerm.pdf Graphic file (type pdf)
 <use kTerm.pdf>
Package pdftex.def Info: kTerm.pdf used on input line 289.
(pdftex.def)             Requested size: 307.14896pt x 165.51913pt.

<algoSuit.png, id=76, 1077.02374pt x 625.33624pt>
File: algoSuit.png Graphic file (type png)
 <use algoSuit.png>
Package pdftex.def Info: algoSuit.png used on input line 300.
(pdftex.def)             Requested size: 409.27327pt x 237.63023pt.

Overfull \hbox (64.27327pt too wide) in paragraph at lines 300--301
[][] 
 []

<algoComplexity.pdf, id=77, 621.32124pt x 174.6525pt>
File: algoComplexity.pdf Graphic file (type pdf)
 <use algoComplexity.pdf>
Package pdftex.def Info: algoComplexity.pdf used on input line 304.
(pdftex.def)             Requested size: 341.72774pt x 96.05916pt.

<algoCorrect.pdf, id=78, 361.35pt x 203.76125pt>
File: algoCorrect.pdf Graphic file (type pdf)
 <use algoCorrect.pdf>
Package pdftex.def Info: algoCorrect.pdf used on input line 308.
(pdftex.def)             Requested size: 180.67456pt x 101.88037pt.

<algoCorrect1.pdf, id=79, 361.35pt x 203.76125pt>
File: algoCorrect1.pdf Graphic file (type pdf)
 <use algoCorrect1.pdf>
Package pdftex.def Info: algoCorrect1.pdf used on input line 309.
(pdftex.def)             Requested size: 180.67456pt x 101.88037pt.

Overfull \hbox (18.57133pt too wide) in paragraph at lines 308--310
[][] [] 
 []

<LiquidPhaseGibbsEnergy.pdf, id=80, 376.40625pt x 245.91875pt>
File: LiquidPhaseGibbsEnergy.pdf Graphic file (type pdf)

<use LiquidPhaseGibbsEnergy.pdf>
Package pdftex.def Info: LiquidPhaseGibbsEnergy.pdf used on input line 314.
(pdftex.def)             Requested size: 225.84547pt x 147.55237pt.

<LiquidPhaseGibbsEnergy2.pdf, id=81, 353.32pt x 257.96375pt>
File: LiquidPhaseGibbsEnergy2.pdf Graphic file (type pdf)

<use LiquidPhaseGibbsEnergy2.pdf>
Package pdftex.def Info: LiquidPhaseGibbsEnergy2.pdf used on input line 315.
(pdftex.def)             Requested size: 211.99364pt x 154.77943pt.

Underfull \hbox (badness 10000) in paragraph at lines 314--316
[][]
 []


Underfull \hbox (badness 10000) in paragraph at lines 298--320

 []

[11] [12 <./algoUniform.png> <./kTerm.pdf>] [13 <./algoSuit.png> <./algoComplex
ity.pdf>] [14 <./algoCorrect.pdf> <./algoCorrect1.pdf

pdfTeX warning: /Library/TeX/texbin/pdflatex (file ./algoCorrect1.pdf): PDF inc
lusion: multiple pdfs with page group included in a single page
> <./LiquidPhaseGibbsEnergy.pdf

pdfTeX warning: /Library/TeX/texbin/pdflatex (file ./LiquidPhaseGibbsEnergy.pdf
): PDF inclusion: multiple pdfs with page group included in a single page
> <./LiquidPhaseGibbsEnergy2.pdf

pdfTeX warning: /Library/TeX/texbin/pdflatex (file ./LiquidPhaseGibbsEnergy2.pd
f): PDF inclusion: multiple pdfs with page group included in a single page
>] <algoGaseous.png, id=172, 1106.1325pt x 669.50125pt>
File: algoGaseous.png Graphic file (type png)
 <use algoGaseous.png>
Package pdftex.def Info: algoGaseous.png used on input line 328.
(pdftex.def)             Requested size: 387.15218pt x 234.32895pt.

Overfull \hbox (42.15218pt too wide) in paragraph at lines 328--329
[][] 
 []

<algoAccuracyVapour.pdf, id=173, 361.35pt x 199.74625pt>
File: algoAccuracyVapour.pdf Graphic file (type pdf)

<use algoAccuracyVapour.pdf>
Package pdftex.def Info: algoAccuracyVapour.pdf used on input line 332.
(pdftex.def)             Requested size: 307.14896pt x 169.78511pt.
 <kTerm2.pdf, id=174, 361.35pt x 216.81pt>
File: kTerm2.pdf Graphic file (type pdf)

<use kTerm2.pdf>
Package pdftex.def Info: kTerm2.pdf used on input line 336.
(pdftex.def)             Requested size: 307.14896pt x 184.28935pt.
 <algoAccuracyVapourNew.pdf, id=175, 361.35pt x 172.645pt>
File: algoAccuracyVapourNew.pdf Graphic file (type pdf)

<use algoAccuracyVapourNew.pdf>
Package pdftex.def Info: algoAccuracyVapourNew.pdf used on input line 340.
(pdftex.def)             Requested size: 307.14896pt x 146.74892pt.

<algoComplexity210.pdf, id=176, 658.46pt x 169.63374pt>
File: algoComplexity210.pdf Graphic file (type pdf)

<use algoComplexity210.pdf>
Package pdftex.def Info: algoComplexity210.pdf used on input line 341.
(pdftex.def)             Requested size: 395.07906pt x 101.78102pt.

Underfull \hbox (badness 10000) in paragraph at lines 340--342
[][]
 []


Overfull \hbox (50.07906pt too wide) in paragraph at lines 340--342
[] 
 []

<GasPhaseGibbsEnergy.pdf, id=177, 369.38pt x 215.80624pt>
File: GasPhaseGibbsEnergy.pdf Graphic file (type pdf)

<use GasPhaseGibbsEnergy.pdf>
Package pdftex.def Info: GasPhaseGibbsEnergy.pdf used on input line 345.
(pdftex.def)             Requested size: 221.6297pt x 129.48474pt.
 [15 <./algoGaseous.png>] [16 <./algoAccuracyVapour.pdf> <./kTerm2.pdf

pdfTeX warning: /Library/TeX/texbin/pdflatex (file ./kTerm2.pdf): PDF inclusion
: multiple pdfs with page group included in a single page
>] [17 <./algoAccuracyVapourNew.pdf> <./algoComplexity210.pdf

pdfTeX warning: /Library/TeX/texbin/pdflatex (file ./algoComplexity210.pdf): PD
F inclusion: multiple pdfs with page group included in a single page
> <./GasPhaseGibbsEnergy.pdf

pdfTeX warning: /Library/TeX/texbin/pdflatex (file ./GasPhaseGibbsEnergy.pdf): 
PDF inclusion: multiple pdfs with page group included in a single page
>]
Underfull \hbox (badness 1226) in paragraph at lines 363--364
[]\OT1/cmr/m/n/10 Wolfram Math-e-mat-ica, "Some Notes On In-ter-nal Im-ple-men-
ta-tion",
 []

[18] (./myPaper2.aux) ) 
Here is how much of TeX's memory you used:
 2521 strings out of 492995
 34206 string characters out of 6132705
 108796 words of memory out of 5000000
 6023 multiletter control sequences out of 15000+600000
 13075 words of font info for 50 fonts, out of 8000000 for 9000
 1141 hyphenation exceptions out of 8191
 39i,13n,26p,1796b,219s stack positions out of 5000i,500n,10000p,200000b,80000s
</usr/local/texlive/2017/texmf-dist/fonts/type1/public/a
msfonts/cm/cmbx10.pfb></usr/local/texlive/2017/texmf-dist/fonts/type1/public/am
sfonts/cm/cmbx12.pfb></usr/local/texlive/2017/texmf-dist/fonts/type1/public/ams
fonts/cm/cmbx5.pfb></usr/local/texlive/2017/texmf-dist/fonts/type1/public/amsfo
nts/cm/cmbx7.pfb></usr/local/texlive/2017/texmf-dist/fonts/type1/public/amsfont
s/cm/cmbx9.pfb></usr/local/texlive/2017/texmf-dist/fonts/type1/public/amsfonts/
cm/cmex10.pfb></usr/local/texlive/2017/texmf-dist/fonts/type1/public/amsfonts/c
m/cmmi10.pfb></usr/local/texlive/2017/texmf-dist/fonts/type1/public/amsfonts/cm
/cmmi5.pfb></usr/local/texlive/2017/texmf-dist/fonts/type1/public/amsfonts/cm/c
mmi7.pfb></usr/local/texlive/2017/texmf-dist/fonts/type1/public/amsfonts/cm/cmr
10.pfb></usr/local/texlive/2017/texmf-dist/fonts/type1/public/amsfonts/cm/cmr12
.pfb></usr/local/texlive/2017/texmf-dist/fonts/type1/public/amsfonts/cm/cmr17.p
fb></usr/local/texlive/2017/texmf-dist/fonts/type1/public/amsfonts/cm/cmr5.pfb>
</usr/local/texlive/2017/texmf-dist/fonts/type1/public/amsfonts/cm/cmr7.pfb></u
sr/local/texlive/2017/texmf-dist/fonts/type1/public/amsfonts/cm/cmsy10.pfb></us
r/local/texlive/2017/texmf-dist/fonts/type1/public/amsfonts/cm/cmsy5.pfb></usr/
local/texlive/2017/texmf-dist/fonts/type1/public/amsfonts/cm/cmsy7.pfb></usr/lo
cal/texlive/2017/texmf-dist/fonts/type1/public/amsfonts/cm/cmti10.pfb>
Output written on myPaper2.pdf (18 pages, 1047069 bytes).
PDF statistics:
 328 PDF objects out of 1000 (max. 8388607)
 217 compressed objects within 3 object streams
 0 named destinations out of 1000 (max. 500000)
 76 words of extra memory for PDF output out of 10000 (max. 10000000)

